2025-01-21 00:08:20  WARN: HikariPool-1 - Thread starvation or clock leap detected (housekeeper delta=3m44s390ms405µs300ns).
2025-01-21 00:26:13  INFO: Stopping server...
2025-01-21 00:30:28  INFO: Operating system name: Windows 11 version: 10.0 architecture: amd64
2025-01-21 00:30:28  INFO: Java runtime name: Java HotSpot(TM) 64-Bit Server VM vendor: Oracle Corporation version: 21.0.4+8-LTS-274
2025-01-21 00:30:28  INFO: Memory limit heap: 8124mb non-heap: 0mb
2025-01-21 00:30:28  INFO: Character encoding: UTF-8
2025-01-21 00:30:28  INFO: Version: 6.6
2025-01-21 00:30:28  INFO: Starting server...
2025-01-21 00:30:28  INFO: HikariPool-1 - Starting...
2025-01-21 00:30:28  INFO: HikariPool-1 - Added connection com.mysql.cj.jdbc.ConnectionImpl@5f14a673
2025-01-21 00:30:28  INFO: HikariPool-1 - Start completed.
2025-01-21 00:30:28  INFO: Clearing database change log checksums
2025-01-21 00:30:29  INFO: Successfully acquired change log lock
2025-01-21 00:30:29  INFO: Successfully released change log lock
2025-01-21 00:30:30  INFO: Reading from traccar.DATABASECHANGELOG
2025-01-21 00:30:30  INFO: Reading from traccar.DATABASECHANGELOG
2025-01-21 00:30:30  INFO: Reading from traccar.DATABASECHANGELOG
2025-01-21 00:30:30  INFO: UPDATE SUMMARY
2025-01-21 00:30:30  INFO: Run:                          0
2025-01-21 00:30:30  INFO: Previously run:              51
2025-01-21 00:30:30  INFO: Filtered out:                 0
2025-01-21 00:30:30  INFO: -------------------------------
2025-01-21 00:30:30  INFO: Total change sets:           51

2025-01-21 00:30:30  INFO: Update summary generated
2025-01-21 00:30:30  INFO: Successfully released change log lock
2025-01-21 00:30:30  INFO: Command execution complete
2025-01-21 00:30:31  WARN: Port disabled due to conflict - Address already in use: bind - BindException (...)
2025-01-21 00:30:31  INFO: jetty-11.0.24; built: 2024-08-26T18:11:22.448Z; git: 5dfc59a691b748796f922208956bd1f2794bcd16; jvm 21.0.4+8-LTS-274
2025-01-21 00:30:31  INFO: Started o.t.w.@7fcdbab8{/,null,AVAILABLE}
2025-01-21 00:30:31  INFO: Session workerName=node0
2025-01-21 00:30:32  INFO: Started o.e.j.s.ServletContextHandler@610613a{/,null,AVAILABLE}
2025-01-21 00:30:32  INFO: Started ServerConnector@3fd22c3f{HTTP/1.1, (http/1.1)}{0.0.0.0:8082}
2025-01-21 00:30:32  INFO: Started Server@3d1b6f06{STARTING}[11.0.24,sto=0] @4739ms
2025-01-21 00:30:40  INFO: 01 Registration enabled: false
2025-01-21 00:30:40  INFO: 04 Registration enabled: false
2025-01-21 00:43:06  INFO: Operating system name: Windows 11 version: 10.0 architecture: amd64
2025-01-21 00:43:06  INFO: Java runtime name: Java HotSpot(TM) 64-Bit Server VM vendor: Oracle Corporation version: 21.0.4+8-LTS-274
2025-01-21 00:43:06  INFO: Memory limit heap: 8124mb non-heap: 0mb
2025-01-21 00:43:06  INFO: Character encoding: UTF-8
2025-01-21 00:43:06  INFO: Version: 6.6
2025-01-21 00:43:06  INFO: Starting server...
2025-01-21 00:43:06  INFO: HikariPool-1 - Starting...
2025-01-21 00:43:06  INFO: HikariPool-1 - Added connection com.mysql.cj.jdbc.ConnectionImpl@5f14a673
2025-01-21 00:43:06  INFO: HikariPool-1 - Start completed.
2025-01-21 00:43:06  INFO: Clearing database change log checksums
2025-01-21 00:43:07  INFO: Successfully acquired change log lock
2025-01-21 00:43:07  INFO: Successfully released change log lock
2025-01-21 00:43:08  INFO: Reading from traccar.DATABASECHANGELOG
2025-01-21 00:43:08  INFO: Reading from traccar.DATABASECHANGELOG
2025-01-21 00:43:08  INFO: Reading from traccar.DATABASECHANGELOG
2025-01-21 00:43:08  INFO: UPDATE SUMMARY
2025-01-21 00:43:08  INFO: Run:                          0
2025-01-21 00:43:08  INFO: Previously run:              51
2025-01-21 00:43:08  INFO: Filtered out:                 0
2025-01-21 00:43:08  INFO: -------------------------------
2025-01-21 00:43:08  INFO: Total change sets:           51

2025-01-21 00:43:08  INFO: Update summary generated
2025-01-21 00:43:08  INFO: Successfully released change log lock
2025-01-21 00:43:08  INFO: Command execution complete
2025-01-21 00:43:09  WARN: Port disabled due to conflict - Address already in use: bind - BindException (...)
2025-01-21 00:43:09  INFO: jetty-11.0.24; built: 2024-08-26T18:11:22.448Z; git: 5dfc59a691b748796f922208956bd1f2794bcd16; jvm 21.0.4+8-LTS-274
2025-01-21 00:43:09  INFO: Started o.t.w.@7fcdbab8{/,null,AVAILABLE}
2025-01-21 00:43:09  INFO: Session workerName=node0
2025-01-21 00:43:10  INFO: Started o.e.j.s.ServletContextHandler@610613a{/,null,AVAILABLE}
2025-01-21 00:43:10  INFO: Started ServerConnector@3fd22c3f{HTTP/1.1, (http/1.1)}{0.0.0.0:8082}
2025-01-21 00:43:10  INFO: Started Server@3d1b6f06{STARTING}[11.0.24,sto=0] @4781ms
2025-01-21 00:44:09  INFO: 01 Registration enabled: false
2025-01-21 00:44:09  INFO: 03 Registration enabled: false
2025-01-21 00:44:09  INFO: 06 Registration enabled: false
2025-01-21 00:44:09  INFO: user: 0, action: create, object: user, id: 2
2025-01-21 00:44:38  INFO: Stopping server...
